[debug] [2020-11-05T14:05:55.944Z] ----------------------------------------------------------------------
[debug] [2020-11-05T14:05:55.947Z] Command:       /usr/bin/node /usr/bin/firebase init
[debug] [2020-11-05T14:05:55.947Z] CLI Version:   8.14.1
[debug] [2020-11-05T14:05:55.948Z] Platform:      linux
[debug] [2020-11-05T14:05:55.948Z] Node Version:  v10.16.0
[debug] [2020-11-05T14:05:55.948Z] Time:          Thu Nov 05 2020 19:35:55 GMT+0530 (India Standard Time)
[debug] [2020-11-05T14:05:55.948Z] ----------------------------------------------------------------------
[debug] [2020-11-05T14:05:55.948Z] 
[debug] [2020-11-05T14:05:55.954Z] > command requires scopes: ["email","openid","https://www.googleapis.com/auth/cloudplatformprojects.readonly","https://www.googleapis.com/auth/firebase","https://www.googleapis.com/auth/cloud-platform"]
[debug] [2020-11-05T14:05:55.955Z] > authorizing via signed-in user
[info] 
     ######## #### ########  ######## ########     ###     ######  ########
     ##        ##  ##     ## ##       ##     ##  ##   ##  ##       ##
     ######    ##  ########  ######   ########  #########  ######  ######
     ##        ##  ##    ##  ##       ##     ## ##     ##       ## ##
     ##       #### ##     ## ######## ########  ##     ##  ######  ########

You're about to initialize a Firebase project in this directory:

  /home/surbhi/Desktop/Documents/react/amazon-clone

Before we get started, keep in mind:

  * You are initializing in an existing Firebase project directory

[info] 
=== Project Setup
[info] 
[info] First, let's associate this project directory with a Firebase project.
[info] You can create multiple project aliases by running firebase use --add, 
[info] but for now we'll just set up a default project.
[info] 
[info] i  .firebaserc already has a default project, using clone-3eacf. 
[debug] [2020-11-05T14:05:59.865Z] >>> HTTP REQUEST GET https://firebase.googleapis.com/v1beta1/projects/clone-3eacf  
 
[debug] [2020-11-05T14:06:00.568Z] <<< HTTP RESPONSE 200 {"content-type":"application/json; charset=UTF-8","vary":"X-Origin, Referer, Origin,Accept-Encoding","date":"Thu, 05 Nov 2020 14:06:00 GMT","server":"ESF","cache-control":"private","x-xss-protection":"0","x-frame-options":"SAMEORIGIN","x-content-type-options":"nosniff","alt-svc":"h3-Q050=\":443\"; ma=2592000,h3-29=\":443\"; ma=2592000,h3-T051=\":443\"; ma=2592000,h3-T050=\":443\"; ma=2592000,h3-Q046=\":443\"; ma=2592000,h3-Q043=\":443\"; ma=2592000,quic=\":443\"; ma=2592000; v=\"46,43\"","accept-ranges":"none","transfer-encoding":"chunked"}
[info] 
=== Hosting Setup
[info] 
[info] Your public directory is the folder (relative to your project directory) that
[info] will contain Hosting assets to be uploaded with firebase deploy. If you
[info] have a build process for your assets, use your build's output directory.
[info] 
[debug] [2020-11-05T14:06:08.377Z] >>> HTTP REQUEST GET https://www.gstatic.com/firebasejs/releases.json  
 
[debug] [2020-11-05T14:06:08.762Z] <<< HTTP RESPONSE 200 {"accept-ranges":"bytes","vary":"Accept-Encoding, Origin","content-type":"application/json","content-length":"1411","date":"Thu, 05 Nov 2020 13:43:40 GMT","expires":"Thu, 05 Nov 2020 14:33:40 GMT","last-modified":"Mon, 26 Oct 2020 20:17:36 GMT","x-content-type-options":"nosniff","server":"sffe","x-xss-protection":"0","cache-control":"public, max-age=3000","age":"1348","alt-svc":"h3-Q050=\":443\"; ma=2592000,h3-29=\":443\"; ma=2592000,h3-T051=\":443\"; ma=2592000,h3-T050=\":443\"; ma=2592000,h3-Q046=\":443\"; ma=2592000,h3-Q043=\":443\"; ma=2592000,quic=\":443\"; ma=2592000; v=\"46,43\""}
[debug] [2020-11-05T14:06:11.198Z] Error: EACCES: permission denied, open '/home/surbhi/Desktop/Documents/react/amazon-clone/build/index.html'
    at Object.openSync (fs.js:443:3)
    at Object.writeFileSync (fs.js:1194:35)
    at Config.writeProjectFile (/usr/lib/node_modules/firebase-tools/lib/config.js:156:8)
    at /usr/lib/node_modules/firebase-tools/lib/config.js:174:18
    at process._tickCallback (internal/process/next_tick.js:68:7)
[error] 
[error] Error: An unexpected error has occurred.
